# JRE version: Java(TM) SE Runtime Environment (8.0_251-b08) (build 1.8.0_251-b08)
# Java VM: Java HotSpot(TM) 64-Bit Server VM (25.251-b08 mixed mode windows-amd64 compressed oops)
Heap:
 PSYoungGen      total 178688K, used 159362K [0x000000076b780000, 0x0000000779600000, 0x00000007c0000000)
  eden space 162304K, 91% used [0x000000076b780000,0x000000077481d950,0x0000000775600000)
  from space 16384K, 68% used [0x0000000775600000,0x00000007761030c8,0x0000000776600000)
  to   space 14848K, 0% used [0x0000000776600000,0x0000000776600000,0x0000000777480000)
 ParOldGen       total 150528K, used 18064K [0x00000006c2600000, 0x00000006cb900000, 0x000000076b780000)
  object space 150528K, 12% used [0x00000006c2600000,0x00000006c37a41b8,0x00000006cb900000)
 Metaspace       used 42690K, capacity 44692K, committed 44848K, reserved 1087488K
  class space    used 5463K, capacity 5815K, committed 5936K, reserved 1048576K
GC Heap History (10 events):
Event: 1.426 GC heap before
{Heap before GC invocations=5 (full 1):
 PSYoungGen      total 75776K, used 65024K [0x000000076b780000, 0x0000000774b80000, 0x00000007c0000000)
  eden space 65024K, 100% used [0x000000076b780000,0x000000076f700000,0x000000076f700000)
  from space 10752K, 0% used [0x000000076f700000,0x000000076f700000,0x0000000770180000)
  to   space 10752K, 0% used [0x0000000774100000,0x0000000774100000,0x0000000774b80000)
 ParOldGen       total 94208K, used 5483K [0x00000006c2600000, 0x00000006c8200000, 0x000000076b780000)
  object space 94208K, 5% used [0x00000006c2600000,0x00000006c2b5ae90,0x00000006c8200000)
 Metaspace       used 24347K, capacity 25042K, committed 25136K, reserved 1071104K
  class space    used 3139K, capacity 3340K, committed 3376K, reserved 1048576K
Event: 1.432 GC heap after
Heap after GC invocations=5 (full 1):
 PSYoungGen      total 113152K, used 8226K [0x000000076b780000, 0x0000000774980000, 0x00000007c0000000)
  eden space 104448K, 0% used [0x000000076b780000,0x000000076b780000,0x0000000771d80000)
  from space 8704K, 94% used [0x0000000774100000,0x0000000774908a28,0x0000000774980000)
  to   space 10752K, 0% used [0x0000000773480000,0x0000000773480000,0x0000000773f00000)
 ParOldGen       total 94208K, used 5555K [0x00000006c2600000, 0x00000006c8200000, 0x000000076b780000)
  object space 94208K, 5% used [0x00000006c2600000,0x00000006c2b6cea0,0x00000006c8200000)
 Metaspace       used 24347K, capacity 25042K, committed 25136K, reserved 1071104K
  class space    used 3139K, capacity 3340K, committed 3376K, reserved 1048576K
}
Event: 2.456 GC heap before
{Heap before GC invocations=6 (full 1):
 PSYoungGen      total 113152K, used 112674K [0x000000076b780000, 0x0000000774980000, 0x00000007c0000000)
  eden space 104448K, 100% used [0x000000076b780000,0x0000000771d80000,0x0000000771d80000)
  from space 8704K, 94% used [0x0000000774100000,0x0000000774908a28,0x0000000774980000)
  to   space 10752K, 0% used [0x0000000773480000,0x0000000773480000,0x0000000773f00000)
 ParOldGen       total 94208K, used 5555K [0x00000006c2600000, 0x00000006c8200000, 0x000000076b780000)
  object space 94208K, 5% used [0x00000006c2600000,0x00000006c2b6cea0,0x00000006c8200000)
 Metaspace       used 30336K, capacity 31202K, committed 31280K, reserved 1077248K
  class space    used 3914K, capacity 4126K, committed 4144K, reserved 1048576K
Event: 2.468 GC heap after
Heap after GC invocations=6 (full 1):
 PSYoungGen      total 138752K, used 10727K [0x000000076b780000, 0x0000000777480000, 0x00000007c0000000)
  eden space 128000K, 0% used [0x000000076b780000,0x000000076b780000,0x0000000773480000)
  from space 10752K, 99% used [0x0000000773480000,0x0000000773ef9f98,0x0000000773f00000)
  to   space 14848K, 0% used [0x0000000776600000,0x0000000776600000,0x0000000777480000)
 ParOldGen       total 94208K, used 8579K [0x00000006c2600000, 0x00000006c8200000, 0x000000076b780000)
  object space 94208K, 9% used [0x00000006c2600000,0x00000006c2e60e28,0x00000006c8200000)
 Metaspace       used 30336K, capacity 31202K, committed 31280K, reserved 1077248K
  class space    used 3914K, capacity 4126K, committed 4144K, reserved 1048576K
}
Event: 3.293 GC heap before
{Heap before GC invocations=7 (full 1):
 PSYoungGen      total 138752K, used 64650K [0x000000076b780000, 0x0000000777480000, 0x00000007c0000000)
  eden space 128000K, 42% used [0x000000076b780000,0x000000076ec28a90,0x0000000773480000)
  from space 10752K, 99% used [0x0000000773480000,0x0000000773ef9f98,0x0000000773f00000)
  to   space 14848K, 0% used [0x0000000776600000,0x0000000776600000,0x0000000777480000)
 ParOldGen       total 94208K, used 8579K [0x00000006c2600000, 0x00000006c8200000, 0x000000076b780000)
  object space 94208K, 9% used [0x00000006c2600000,0x00000006c2e60e28,0x00000006c8200000)
 Metaspace       used 34005K, capacity 35352K, committed 35496K, reserved 1081344K
  class space    used 4365K, capacity 4629K, committed 4656K, reserved 1048576K
Event: 3.301 GC heap after
Heap after GC invocations=7 (full 1):
 PSYoungGen      total 177152K, used 13972K [0x000000076b780000, 0x0000000779600000, 0x00000007c0000000)
  eden space 162304K, 0% used [0x000000076b780000,0x000000076b780000,0x0000000775600000)
  from space 14848K, 94% used [0x0000000776600000,0x00000007773a5130,0x0000000777480000)
  to   space 16384K, 0% used [0x0000000775600000,0x0000000775600000,0x0000000776600000)
 ParOldGen       total 94208K, used 8587K [0x00000006c2600000, 0x00000006c8200000, 0x000000076b780000)
  object space 94208K, 9% used [0x00000006c2600000,0x00000006c2e62e28,0x00000006c8200000)
 Metaspace       used 34005K, capacity 35352K, committed 35496K, reserved 1081344K
  class space    used 4365K, capacity 4629K, committed 4656K, reserved 1048576K
}
Event: 3.301 GC heap before
{Heap before GC invocations=8 (full 2):
 PSYoungGen      total 177152K, used 13972K [0x000000076b780000, 0x0000000779600000, 0x00000007c0000000)
  eden space 162304K, 0% used [0x000000076b780000,0x000000076b780000,0x0000000775600000)
  from space 14848K, 94% used [0x0000000776600000,0x00000007773a5130,0x0000000777480000)
  to   space 16384K, 0% used [0x0000000775600000,0x0000000775600000,0x0000000776600000)
 ParOldGen       total 94208K, used 8587K [0x00000006c2600000, 0x00000006c8200000, 0x000000076b780000)
  object space 94208K, 9% used [0x00000006c2600000,0x00000006c2e62e28,0x00000006c8200000)
 Metaspace       used 34005K, capacity 35352K, committed 35496K, reserved 1081344K
  class space    used 4365K, capacity 4629K, committed 4656K, reserved 1048576K
Event: 3.342 GC heap after
Heap after GC invocations=8 (full 2):
 PSYoungGen      total 177152K, used 0K [0x000000076b780000, 0x0000000779600000, 0x00000007c0000000)
  eden space 162304K, 0% used [0x000000076b780000,0x000000076b780000,0x0000000775600000)
  from space 14848K, 0% used [0x0000000776600000,0x0000000776600000,0x0000000777480000)
  to   space 16384K, 0% used [0x0000000775600000,0x0000000775600000,0x0000000776600000)
 ParOldGen       total 150528K, used 18056K [0x00000006c2600000, 0x00000006cb900000, 0x000000076b780000)
  object space 150528K, 11% used [0x00000006c2600000,0x00000006c37a21b8,0x00000006cb900000)
 Metaspace       used 34005K, capacity 35352K, committed 35496K, reserved 1081344K
  class space    used 4365K, capacity 4629K, committed 4656K, reserved 1048576K
}
Event: 4.612 GC heap before
{Heap before GC invocations=9 (full 2):
 PSYoungGen      total 177152K, used 162304K [0x000000076b780000, 0x0000000779600000, 0x00000007c0000000)
  eden space 162304K, 100% used [0x000000076b780000,0x0000000775600000,0x0000000775600000)
  from space 14848K, 0% used [0x0000000776600000,0x0000000776600000,0x0000000777480000)
  to   space 16384K, 0% used [0x0000000775600000,0x0000000775600000,0x0000000776600000)
 ParOldGen       total 150528K, used 18056K [0x00000006c2600000, 0x00000006cb900000, 0x000000076b780000)
  object space 150528K, 11% used [0x00000006c2600000,0x00000006c37a21b8,0x00000006cb900000)
 Metaspace       used 39517K, capacity 41350K, committed 41520K, reserved 1085440K
  class space    used 5056K, capacity 5416K, committed 5424K, reserved 1048576K
Event: 4.623 GC heap after
Heap after GC invocations=9 (full 2):
 PSYoungGen      total 178688K, used 11276K [0x000000076b780000, 0x0000000779600000, 0x00000007c0000000)
  eden space 162304K, 0% used [0x000000076b780000,0x000000076b780000,0x0000000775600000)
  from space 16384K, 68% used [0x0000000775600000,0x00000007761030c8,0x0000000776600000)
  to   space 14848K, 0% used [0x0000000776600000,0x0000000776600000,0x0000000777480000)
 ParOldGen       total 150528K, used 18064K [0x00000006c2600000, 0x00000006cb900000, 0x000000076b780000)
  object space 150528K, 12% used [0x00000006c2600000,0x00000006c37a41b8,0x00000006cb900000)
 Metaspace       used 39517K, capacity 41350K, committed 41520K, reserved 1085440K
  class space    used 5056K, capacity 5416K, committed 5424K, reserved 1048576K
}

